android/app/build/outputs/mapping/release/seeds.txt
com.example.social_media_app.MainActivity
com.example.social_media_app.MainActivity: MainActivity()
...
io.flutter.embedding.engine.systemchannels.PlatformViewsChannel$PlatformViewCreationRequest$RequestedDisplayMode: io.flutter.embedding.engine.systemchannels.PlatformViewsChannel$PlatformViewCreationRequest$RequestedDisplayMode valueOf(java.lang.String)
androidx.camera.core.impl.Timebase: androidx.camera.core.impl.Timebase valueOf(java.lang.String)
androidx.core.widget.NestedScrollView: int getMaxScrollAmount()
androidx.profileinstaller.FileSectionType: androidx.profileinstaller.FileSectionType valueOf(java.lang.String)
androidx.camera.camera2.internal.compat.quirk.CaptureSessionStuckWhenCreatingBeforeClosingCameraQuirk: CaptureSessionStuckWhenCreatingBeforeClosingCameraQuirk()
io.flutter.embedding.engine.renderer.SurfaceTextureWrapper: void updateTexImage()
com.bumptech.glide.MemoryCategory: com.bumptech.glide.MemoryCategory[] values()
androidx.appcompat.widget.AppCompatTextView: java.lang.CharSequence getText()
io.flutter.embedding.android.FlutterImageView$SurfaceKind: io.flutter.embedding.android.FlutterImageView$SurfaceKind[] values()
com.antonkarpenko.ffmpegkit.LogRedirectionStrategy: com.antonkarpenko.ffmpegkit.LogRedirectionStrategy valueOf(java.lang.String)
com.bumptech.glide.load.data.ParcelFileDescriptorRewinder$InternalRewinder: android.os.ParcelFileDescriptor rewind()
io.flutter.embedding.engine.renderer.FlutterRenderer$ImageTextureRegistryEntry: android.media.Image acquireLatestImage()
androidx.recyclerview.widget.RecyclerView: androidx.recyclerview.widget.RecyclerView$OnFlingListener getOnFlingListener()
androidx.preference.EditTextPreference: EditTextPreference(android.content.Context,android.util.AttributeSet)
androidx.core.view.MenuItemCompat$Api26Impl: android.view.MenuItem setNumericShortcut(android.view.MenuItem,char,int)
androidx.recyclerview.widget.RecyclerView: void setOnFlingListener(androidx.recyclerview.widget.RecyclerView$OnFlingListener)
androidx.window.area.reflectionguard.WindowAreaComponentApi3Requirements: void addRearDisplayPresentationStatusListener(androidx.window.extensions.core.util.function.Consumer)
androidx.core.view.ViewConfigurationCompat$Api26Impl: float getScaledHorizontalScrollFactor(android.view.ViewConfiguration)
io.flutter.embedding.engine.renderer.FlutterRenderer$ImageReaderSurfaceProducer: boolean access$302(io.flutter.embedding.engine.renderer.FlutterRenderer$ImageReaderSurfaceProducer,boolean)
io.flutter.embedding.engine.FlutterJNI: void updateJavaAssetManager(android.content.res.AssetManager,java.lang.String)
androidx.appcompat.widget.LinearLayoutCompat: int getVirtualChildCount()
androidx.core.app.RemoteActionCompatParcelizer: androidx.core.app.RemoteActionCompat read(androidx.versionedparcelable.VersionedParcel)
io.flutter.embedding.engine.renderer.FlutterRenderer$ImageReaderSurfaceProducer: void disableFenceForTest()
androidx.core.view.WindowInsetsCompat$Impl29: WindowInsetsCompat$Impl29(androidx.core.view.WindowInsetsCompat,android.view.WindowInsets)
androidx.core.view.WindowInsetsCompat$Impl: androidx.core.view.WindowInsetsCompat consumeSystemWindowInsets()
androidx.vectordrawable.graphics.drawable.VectorDrawableCompat$VFullPath: float getFillAlpha()
androidx.core.app.RemoteActionCompat: RemoteActionCompat()
androidx.core.graphics.PaintCompat$Api23Impl: boolean hasGlyph(android.graphics.Paint,java.lang.String)
io.flutter.plugin.editing.ImeSyncDeferringInsetsCallback: android.view.View access$402(io.flutter.plugin.editing.ImeSyncDeferringInsetsCallback,android.view.View)
io.flutter.view.AccessibilityBridge$Flag: io.flutter.view.AccessibilityBridge$Flag valueOf(java.lang.String)
androidx.camera.core.internal.compat.quirk.LargeJpegImageQuirk: LargeJpegImageQuirk()
androidx.core.view.ViewParentCompat$Api21Impl: boolean onNestedPreFling(android.view.ViewParent,android.view.View,float,float)
io.flutter.plugins.pathprovider.Messages$StorageDirectory: io.flutter.plugins.pathprovider.Messages$StorageDirectory[] values()