android/app/build/outputs/mapping/release/usage.txt
com.example.social_media_app.R$drawable
com.example.social_media_app.R$mipmap
com.example.social_media_app.R$string
com.example.social_media_app.R$style
com.example.social_media_app.R
...
androidx.media3.datasource.HttpDataSource$Factory
androidx.media3.datasource.HttpDataSource$HttpDataSourceException$Type
androidx.media3.datasource.HttpDataSource$HttpDataSourceException:
    public static final int TYPE_CLOSE
    public static final int TYPE_OPEN
    public static final int TYPE_READ
    public void <init>(androidx.media3.datasource.DataSpec,int)
    public void <init>(java.io.IOException,androidx.media3.datasource.DataSpec,int)
    public void <init>(java.lang.String,androidx.media3.datasource.DataSpec,int)
    public void <init>(java.lang.String,java.io.IOException,androidx.media3.datasource.DataSpec,int)
androidx.media3.datasource.HttpDataSource$RequestProperties:
    public synchronized void clear()
    public synchronized void remove(java.lang.String)
    public synchronized void set(java.lang.String,java.lang.String)
    public synchronized void set(java.util.Map)
androidx.media3.datasource.HttpDataSource
androidx.media3.datasource.HttpEngineDataSource$Factory
androidx.media3.datasource.HttpEngineDataSource$OpenException
androidx.media3.datasource.HttpEngineDataSource$UrlRequestCallback
androidx.media3.datasource.HttpEngineDataSource$UrlRequestWrapper$1
androidx.media3.datasource.HttpEngineDataSource$UrlRequestWrapper
androidx.media3.datasource.HttpEngineDataSource
androidx.media3.datasource.HttpUtil:
    private static final java.lang.String TAG
    private void <init>()
androidx.media3.datasource.MediaDataSourceAdapter
androidx.media3.datasource.PlaceholderDataSource
androidx.media3.datasource.PriorityDataSource$Factory
androidx.media3.datasource.PriorityDataSource
androidx.media3.datasource.PriorityDataSourceFactory
androidx.media3.datasource.R
androidx.media3.datasource.RawResourceDataSource$RawResourceDataSourceException:
    public void <init>(java.lang.Throwable)
androidx.media3.datasource.RawResourceDataSource:
    public static final java.lang.String RAW_RESOURCE_SCHEME
androidx.media3.datasource.ResolvingDataSource$Factory
androidx.media3.datasource.ResolvingDataSource$Resolver
androidx.media3.datasource.ResolvingDataSource
androidx.media3.datasource.TeeDataSource
androidx.media3.datasource.UdpDataSource:
    public static final int DEFAULT_MAX_PACKET_SIZE
    public static final int DEFAULT_SOCKET_TIMEOUT_MILLIS
    public static final int UDP_PORT_UNSET
androidx.media3.datasource.cache.Cache$CacheException
androidx.media3.datasource.cache.Cache$Listener
androidx.media3.datasource.cache.Cache
androidx.media3.datasource.cache.CacheDataSink$CacheDataSinkException
androidx.media3.datasource.cache.CacheDataSink$Factory
androidx.media3.datasource.cache.CacheDataSink
androidx.media3.datasource.cache.CacheDataSource$1
androidx.media3.datasource.cache.CacheDataSource$CacheIgnoredReason
androidx.media3.datasource.cache.CacheDataSource$EventListener
androidx.media3.datasource.cache.CacheDataSource$Factory
androidx.media3.datasource.cache.CacheDataSource$Flags
androidx.media3.datasource.cache.CacheDataSource
androidx.media3.datasource.cache.CacheEvictor
androidx.media3.datasource.cache.CacheFileMetadata
androidx.media3.datasource.cache.CacheFileMetadataIndex
androidx.media3.datasource.cache.CacheKeyFactory
androidx.media3.datasource.cache.CacheSpan
androidx.media3.datasource.cache.CacheWriter$ProgressListener
androidx.media3.datasource.cache.CacheWriter
androidx.media3.datasource.cache.CachedContent$Range
androidx.media3.datasource.cache.CachedContent
androidx.media3.datasource.cache.CachedContentIndex$DatabaseStorage
androidx.media3.datasource.cache.CachedContentIndex$LegacyStorage
androidx.media3.datasource.cache.CachedContentIndex$Storage
androidx.media3.datasource.cache.CachedContentIndex
androidx.media3.datasource.cache.ContentMetadata
androidx.media3.datasource.cache.ContentMetadataMutations
androidx.media3.datasource.cache.DefaultContentMetadata
androidx.media3.datasource.cache.LeastRecentlyUsedCacheEvictor
androidx.media3.datasource.cache.NoOpCacheEvictor